#
# There is insufficient memory for the Java Runtime Environment to continue.
# Native memory allocation (malloc) failed to allocate 1048576 bytes. Error detail: AllocateHeap
# Possible reasons:
#   The system is out of physical RAM or swap space
#   This process is running with CompressedOops enabled, and the Java Heap may be blocking the growth of the native heap
# Possible solutions:
#   Reduce memory load on the system
#   Increase physical memory or swap space
#   Check if swap backing store is full
#   Decrease Java heap size (-Xmx/-Xms)
#   Decrease number of Java threads
#   Decrease Java thread stack sizes (-Xss)
#   Set larger code cache with -XX:ReservedCodeCacheSize=
#   JVM is running with Unscaled Compressed Oops mode in which the Java heap is
#     placed in the first 4GB address space. The Java Heap base address is the
#     maximum limit for the native heap growth. Please use -XX:HeapBaseMinAddress
#     to set the Java Heap base and to place the Java Heap above 4GB virtual address.
# This output file may be truncated or incomplete.
#
#  Out of Memory Error (allocation.cpp:44), pid=33460, tid=22324
#
# JRE version: OpenJDK Runtime Environment Temurin-21.0.10+7 (21.0.10+7) (build 21.0.10+7-LTS)
# Java VM: OpenJDK 64-Bit Server VM Temurin-21.0.10+7 (21.0.10+7-LTS, mixed mode, sharing, tiered, compressed oops, compressed class ptrs, parallel gc, windows-amd64)
# No core dump will be written. Minidumps are not enabled by default on client versions of Windows
#

---------------  S U M M A R Y ------------

Command Line: --add-modules=ALL-SYSTEM --add-opens=java.base/java.util=ALL-UNNAMED --add-opens=java.base/java.lang=ALL-UNNAMED --add-opens=java.base/sun.nio.fs=ALL-UNNAMED -Declipse.application=org.eclipse.jdt.ls.core.id1 -Dosgi.bundles.defaultStartLevel=4 -Declipse.product=org.eclipse.jdt.ls.core.product -Djava.import.generatesMetadataFilesAtProjectRoot=false -DDetectVMInstallationsJob.disabled=true -Dfile.encoding=utf8 -XX:+UseParallelGC -XX:GCTimeRatio=4 -XX:AdaptiveSizePolicyWeight=90 -Dsun.zip.disableMemoryMapping=true -Xmx2G -Xms100m -Xlog:disable -javaagent:c:\Users\malkotoHuski\.vscode\extensions\redhat.java-1.53.0-win32-x64\lombok\lombok-1.18.39-4050.jar -XX:+HeapDumpOnOutOfMemoryError -XX:HeapDumpPath=c:\Users\malkotoHuski\AppData\Roaming\Code\User\workspaceStorage\f2efecaaeb388f09fbf678b975bd3e98\redhat.java -Daether.dependencyCollector.impl=bf c:\Users\malkotoHuski\.vscode\extensions\redhat.java-1.53.0-win32-x64\server\plugins\org.eclipse.equinox.launcher_1.7.100.v20251111-0406.jar -configuration c:\Users\malkotoHuski\AppData\Roaming\Code\User\globalStorage\redhat.java\1.53.0\config_win -data c:\Users\malkotoHuski\AppData\Roaming\Code\User\workspaceStorage\f2efecaaeb388f09fbf678b975bd3e98\redhat.java\jdt_ws --pipe=\\.\pipe\lsp-619c4189e4426b964355a4d01c5416ea-sock

Host: Intel(R) Core(TM) i5-10400F CPU @ 2.90GHz, 12 cores, 31G,  Windows 10 , 64 bit Build 19041 (10.0.19041.5915)
Time: Mon Mar 23 15:28:15 2026 FLE Standard Time elapsed time: 240296.521012 seconds (2d 18h 44m 56s)

---------------  T H R E A D  ---------------

Current thread (0x0000018b4a2b62b0):  JavaThread "Attach Listener" daemon [_thread_in_vm, id=22324, stack(0x0000002edec00000,0x0000002eded00000) (1024K)]

Stack: [0x0000002edec00000,0x0000002eded00000]
Native frames: (J=compiled Java code, j=interpreted, Vv=VM code, C=native code)
V  [jvm.dll+0x6d7a39]
V  [jvm.dll+0x8b4b26]
V  [jvm.dll+0x8b70de]
V  [jvm.dll+0x8b77c3]
V  [jvm.dll+0x284346]
V  [jvm.dll+0xc1277]
V  [jvm.dll+0x6d82e9]
V  [jvm.dll+0x1334a6]
V  [jvm.dll+0x3f857e]
V  [jvm.dll+0x85f59d]
V  [jvm.dll+0x6d626d]
C  [ucrtbase.dll+0x21bb2]
C  [KERNEL32.DLL+0x17374]
C  [ntdll.dll+0x4cc91]


---------------  P R O C E S S  ---------------

Threads class SMR info:
_java_thread_list=0x0000018b9ee59370, length=95, elements={
0x0000018b314f6050, 0x0000018b4a2ad0b0, 0x0000018b4a2aed10, 0x0000018b4a2b5850,
0x0000018b4a2b62b0, 0x0000018b4a2b6d10, 0x0000018b4a2b7770, 0x0000018b4a2b85b0,
0x0000018b4a2bdc60, 0x0000018b8d4f6170, 0x0000018b8d5e2130, 0x0000018b9209f6a0,
0x0000018b8dd537d0, 0x0000018b92092d60, 0x0000018b920933d0, 0x0000018b92498c30,
0x0000018b9225db50, 0x0000018b920dc100, 0x0000018b92b88b30, 0x0000018b92b863d0,
0x0000018b93f65a90, 0x0000018b93f68880, 0x0000018b93f667b0, 0x0000018b93f65400,
0x0000018b93f64d70, 0x0000018b93f69c30, 0x0000018b93f68f10, 0x0000018b93f6c390,
0x0000018b93f695a0, 0x0000018b93f66120, 0x0000018b93f6afe0, 0x0000018b93f6a2c0,
0x0000018b93f66e40, 0x0000018b93f674d0, 0x0000018b93f681f0, 0x0000018b93f6a950,
0x0000018b93f346f0, 0x0000018b93f395b0, 0x0000018b93f3b680, 0x0000018b93f35aa0,
0x0000018b9f477020, 0x0000018b9f47b850, 0x0000018b9f47bee0, 0x0000018b9f47d290,
0x0000018ba0f725c0, 0x0000018ba0f6d070, 0x0000018ba0f732e0, 0x0000018ba0f6c350,
0x0000018b93f3a2d0, 0x0000018b93f3a960, 0x0000018b93f39c40, 0x0000018b93f3aff0,
0x0000018b93f34d80, 0x0000018b93f36130, 0x0000018b93f36e50, 0x0000018b94b39be0,
0x0000018b94b3b620, 0x0000018b94b3a270, 0x0000018b94b3bcb0, 0x0000018b94b38830,
0x0000018b94b3e410, 0x0000018b94b3c340, 0x0000018b94b3d6f0, 0x0000018b94b3a900,
0x0000018b94b37480, 0x0000018ba0f718a0, 0x0000018ba0f6bcc0, 0x0000018ba0f6c9e0,
0x0000018ba0f6d700, 0x0000018ba0f6dd90, 0x0000018ba0f6fe60, 0x0000018ba0f70b80,
0x0000018b92b891c0, 0x0000018b92b884a0, 0x0000018b92b86a60, 0x0000018b92b870f0,
0x0000018b9f479e10, 0x0000018b9f47ab30, 0x0000018b9f47c570, 0x0000018b94b3d060,
0x0000018b94b38ec0, 0x0000018b94b3dd80, 0x0000018b94b37b10, 0x0000018b94b381a0,
0x0000018b93f374e0, 0x0000018b93f35410, 0x0000018b93f38890, 0x0000018ba0f6f7d0,
0x0000018ba0f6e420, 0x0000018b92b85d40, 0x0000018b92b87780, 0x0000018b93f67b60,
0x0000018b94b39550, 0x0000018b92b87e10, 0x0000018ba0f6eab0
}

Java Threads: ( => current thread )
  0x0000018b314f6050 JavaThread "main"                              [_thread_blocked, id=33192, stack(0x0000002ede500000,0x0000002ede600000) (1024K)]
  0x0000018b4a2ad0b0 JavaThread "Reference Handler"          daemon [_thread_blocked, id=33516, stack(0x0000002ede900000,0x0000002edea00000) (1024K)]
  0x0000018b4a2aed10 JavaThread "Finalizer"                  daemon [_thread_blocked, id=5524, stack(0x0000002edea00000,0x0000002edeb00000) (1024K)]
  0x0000018b4a2b5850 JavaThread "Signal Dispatcher"          daemon [_thread_blocked, id=25708, stack(0x0000002edeb00000,0x0000002edec00000) (1024K)]
=>0x0000018b4a2b62b0 JavaThread "Attach Listener"            daemon [_thread_in_vm, id=22324, stack(0x0000002edec00000,0x0000002eded00000) (1024K)]
  0x0000018b4a2b6d10 JavaThread "Service Thread"             daemon [_thread_blocked, id=22996, stack(0x0000002eded00000,0x0000002edee00000) (1024K)]
  0x0000018b4a2b7770 JavaThread "Monitor Deflation Thread"   daemon [_thread_blocked, id=15168, stack(0x0000002edee00000,0x0000002edef00000) (1024K)]
  0x0000018b4a2b85b0 JavaThread "C2 CompilerThread0"         daemon [_thread_blocked, id=27340, stack(0x0000002edef00000,0x0000002edf000000) (1024K)]
  0x0000018b4a2bdc60 JavaThread "C1 CompilerThread0"         daemon [_thread_blocked, id=32820, stack(0x0000002edf000000,0x0000002edf100000) (1024K)]
  0x0000018b8d4f6170 JavaThread "Common-Cleaner"             daemon [_thread_blocked, id=10876, stack(0x0000002edf200000,0x0000002edf300000) (1024K)]
  0x0000018b8d5e2130 JavaThread "Notification Thread"        daemon [_thread_blocked, id=3168, stack(0x0000002edf300000,0x0000002edf400000) (1024K)]
  0x0000018b9209f6a0 JavaThread "Active Thread: Equinox Container: c5a22623-4a0a-402c-93ee-ac45b617c1ae"        [_thread_blocked, id=22824, stack(0x0000002edfb00000,0x0000002edfc00000) (1024K)]
  0x0000018b8dd537d0 JavaThread "Refresh Thread: Equinox Container: c5a22623-4a0a-402c-93ee-ac45b617c1ae" daemon [_thread_blocked, id=15752, stack(0x0000002edfd00000,0x0000002edfe00000) (1024K)]
  0x0000018b92092d60 JavaThread "Framework Event Dispatcher: Equinox Container: c5a22623-4a0a-402c-93ee-ac45b617c1ae" daemon [_thread_blocked, id=30744, stack(0x0000002edfe00000,0x0000002edff00000) (1024K)]
  0x0000018b920933d0 JavaThread "Start Level: Equinox Container: c5a22623-4a0a-402c-93ee-ac45b617c1ae" daemon [_thread_blocked, id=3900, stack(0x0000002edff00000,0x0000002ee0000000) (1024K)]
  0x0000018b92498c30 JavaThread "Bundle File Closer"         daemon [_thread_blocked, id=3184, stack(0x0000002ee0200000,0x0000002ee0300000) (1024K)]
  0x0000018b9225db50 JavaThread "SCR Component Actor"        daemon [_thread_blocked, id=31356, stack(0x0000002ee0300000,0x0000002ee0400000) (1024K)]
  0x0000018b920dc100 JavaThread "Worker-JM"                         [_thread_blocked, id=22348, stack(0x0000002ee0400000,0x0000002ee0500000) (1024K)]
  0x0000018b92b88b30 JavaThread "JNA Cleaner"                daemon [_thread_blocked, id=32304, stack(0x0000002edf100000,0x0000002edf200000) (1024K)]
  0x0000018b92b863d0 JavaThread "Java indexing"              daemon [_thread_blocked, id=13072, stack(0x0000002ee0800000,0x0000002ee0900000) (1024K)]
  0x0000018b93f65a90 JavaThread "Thread-1"                   daemon [_thread_in_native, id=27352, stack(0x0000002ee0e00000,0x0000002ee0f00000) (1024K)]
  0x0000018b93f68880 JavaThread "Thread-2"                   daemon [_thread_in_native, id=25136, stack(0x0000002ee0f00000,0x0000002ee1000000) (1024K)]
  0x0000018b93f667b0 JavaThread "Thread-3"                   daemon [_thread_in_native, id=33004, stack(0x0000002ee1000000,0x0000002ee1100000) (1024K)]
  0x0000018b93f65400 JavaThread "Thread-4"                   daemon [_thread_in_native, id=18100, stack(0x0000002ee1100000,0x0000002ee1200000) (1024K)]
  0x0000018b93f64d70 JavaThread "Thread-5"                   daemon [_thread_in_native, id=23556, stack(0x0000002ee1200000,0x0000002ee1300000) (1024K)]
  0x0000018b93f69c30 JavaThread "Thread-6"                   daemon [_thread_in_native, id=26916, stack(0x0000002ee1300000,0x0000002ee1400000) (1024K)]
  0x0000018b93f68f10 JavaThread "Thread-7"                   daemon [_thread_in_native, id=20404, stack(0x0000002ee1400000,0x0000002ee1500000) (1024K)]
  0x0000018b93f6c390 JavaThread "Thread-8"                   daemon [_thread_in_native, id=7020, stack(0x0000002ee1500000,0x0000002ee1600000) (1024K)]
  0x0000018b93f695a0 JavaThread "Thread-9"                   daemon [_thread_in_native, id=12208, stack(0x0000002ee1600000,0x0000002ee1700000) (1024K)]
  0x0000018b93f66120 JavaThread "Thread-10"                  daemon [_thread_in_native, id=27944, stack(0x0000002ee1700000,0x0000002ee1800000) (1024K)]
  0x0000018b93f6afe0 JavaThread "Thread-11"                  daemon [_thread_in_native, id=7756, stack(0x0000002ee1800000,0x0000002ee1900000) (1024K)]
  0x0000018b93f6a2c0 JavaThread "Thread-12"                  daemon [_thread_in_native, id=21752, stack(0x0000002ee1900000,0x0000002ee1a00000) (1024K)]
  0x0000018b93f66e40 JavaThread "Thread-13"                  daemon [_thread_in_native, id=30304, stack(0x0000002ee1a00000,0x0000002ee1b00000) (1024K)]
  0x0000018b93f674d0 JavaThread "pool-2-thread-1"                   [_thread_blocked, id=10112, stack(0x0000002ee1b00000,0x0000002ee1c00000) (1024K)]
  0x0000018b93f681f0 JavaThread "WorkspaceEventsHandler"            [_thread_blocked, id=10068, stack(0x0000002ee1c00000,0x0000002ee1d00000) (1024K)]
  0x0000018b93f6a950 JavaThread "pool-1-thread-1"                   [_thread_blocked, id=17724, stack(0x0000002ee1d00000,0x0000002ee1e00000) (1024K)]
  0x0000018b93f346f0 JavaThread "Timer-0"                           [_thread_blocked, id=25752, stack(0x0000002ee2500000,0x0000002ee2600000) (1024K)]
  0x0000018b93f395b0 JavaThread "Timer-1"                           [_thread_blocked, id=9356, stack(0x0000002ee2600000,0x0000002ee2700000) (1024K)]
  0x0000018b93f3b680 JavaThread "Timer-2"                           [_thread_blocked, id=22540, stack(0x0000002ee2a00000,0x0000002ee2b00000) (1024K)]
  0x0000018b93f35aa0 JavaThread "Timer-3"                           [_thread_blocked, id=3136, stack(0x0000002ee2b00000,0x0000002ee2c00000) (1024K)]
  0x0000018b9f477020 JavaThread "Timer-4"                           [_thread_blocked, id=29976, stack(0x0000002ee2c00000,0x0000002ee2d00000) (1024K)]
  0x0000018b9f47b850 JavaThread "Timer-5"                           [_thread_blocked, id=31368, stack(0x0000002ee0500000,0x0000002ee0600000) (1024K)]
  0x0000018b9f47bee0 JavaThread "Timer-6"                           [_thread_blocked, id=6016, stack(0x0000002ee2d00000,0x0000002ee2e00000) (1024K)]
  0x0000018b9f47d290 JavaThread "Timer-7"                           [_thread_blocked, id=28344, stack(0x0000002ee3200000,0x0000002ee3300000) (1024K)]
  0x0000018ba0f725c0 JavaThread "Timer-8"                           [_thread_blocked, id=7936, stack(0x0000002ede200000,0x0000002ede300000) (1024K)]
  0x0000018ba0f6d070 JavaThread "Timer-9"                           [_thread_blocked, id=1308, stack(0x0000002ede300000,0x0000002ede400000) (1024K)]
  0x0000018ba0f732e0 JavaThread "Timer-10"                          [_thread_blocked, id=6788, stack(0x0000002ede400000,0x0000002ede500000) (1024K)]
  0x0000018ba0f6c350 JavaThread "Timer-11"                          [_thread_blocked, id=7536, stack(0x0000002ee2300000,0x0000002ee2400000) (1024K)]
  0x0000018b93f3a2d0 JavaThread "Timer-12"                          [_thread_blocked, id=29196, stack(0x0000002ee0700000,0x0000002ee0800000) (1024K)]
  0x0000018b93f3a960 JavaThread "Timer-13"                          [_thread_blocked, id=25928, stack(0x0000002ee0c00000,0x0000002ee0d00000) (1024K)]
  0x0000018b93f39c40 JavaThread "Timer-14"                          [_thread_blocked, id=26208, stack(0x0000002ee0600000,0x0000002ee0700000) (1024K)]
  0x0000018b93f3aff0 JavaThread "Timer-15"                          [_thread_blocked, id=29532, stack(0x0000002ee0b00000,0x0000002ee0c00000) (1024K)]
  0x0000018b93f34d80 JavaThread "Timer-16"                          [_thread_blocked, id=31124, stack(0x0000002ee0d00000,0x0000002ee0e00000) (1024K)]
  0x0000018b93f36130 JavaThread "Timer-17"                          [_thread_blocked, id=10868, stack(0x0000002ee1e00000,0x0000002ee1f00000) (1024K)]
  0x0000018b93f36e50 JavaThread "Timer-18"                          [_thread_blocked, id=25348, stack(0x0000002ee2100000,0x0000002ee2200000) (1024K)]
  0x0000018b94b39be0 JavaThread "Timer-19"                          [_thread_blocked, id=33740, stack(0x0000002ee2200000,0x0000002ee2300000) (1024K)]
  0x0000018b94b3b620 JavaThread "Timer-20"                          [_thread_blocked, id=11048, stack(0x0000002ee2400000,0x0000002ee2500000) (1024K)]
  0x0000018b94b3a270 JavaThread "Timer-21"                          [_thread_blocked, id=26276, stack(0x0000002ee2800000,0x0000002ee2900000) (1024K)]
  0x0000018b94b3bcb0 JavaThread "Timer-22"                          [_thread_blocked, id=30344, stack(0x0000002ee1f00000,0x0000002ee2000000) (1024K)]
  0x0000018b94b38830 JavaThread "Timer-23"                          [_thread_blocked, id=25500, stack(0x0000002ee2000000,0x0000002ee2100000) (1024K)]
  0x0000018b94b3e410 JavaThread "Timer-24"                          [_thread_blocked, id=25660, stack(0x0000002ee2900000,0x0000002ee2a00000) (1024K)]
  0x0000018b94b3c340 JavaThread "Timer-25"                          [_thread_blocked, id=17964, stack(0x0000002ee2e00000,0x0000002ee2f00000) (1024K)]
  0x0000018b94b3d6f0 JavaThread "Timer-26"                          [_thread_blocked, id=25468, stack(0x0000002ee3000000,0x0000002ee3100000) (1024K)]
  0x0000018b94b3a900 JavaThread "Timer-27"                          [_thread_blocked, id=24916, stack(0x0000002ee3100000,0x0000002ee3200000) (1024K)]
  0x0000018b94b37480 JavaThread "Timer-28"                          [_thread_blocked, id=33620, stack(0x0000002ee3400000,0x0000002ee3500000) (1024K)]
  0x0000018ba0f718a0 JavaThread "Timer-29"                          [_thread_blocked, id=22432, stack(0x0000002edf400000,0x0000002edf500000) (1024K)]
  0x0000018ba0f6bcc0 JavaThread "Timer-30"                          [_thread_blocked, id=3756, stack(0x0000002ee2f00000,0x0000002ee3000000) (1024K)]
  0x0000018ba0f6c9e0 JavaThread "Timer-31"                          [_thread_blocked, id=18676, stack(0x0000002ee3500000,0x0000002ee3600000) (1024K)]
  0x0000018ba0f6d700 JavaThread "Timer-32"                          [_thread_blocked, id=7432, stack(0x0000002ee3600000,0x0000002ee3700000) (1024K)]
  0x0000018ba0f6dd90 JavaThread "Timer-33"                          [_thread_blocked, id=9516, stack(0x0000002ee3700000,0x0000002ee3800000) (1024K)]
  0x0000018ba0f6fe60 JavaThread "Timer-34"                          [_thread_blocked, id=10092, stack(0x0000002ee3800000,0x0000002ee3900000) (1024K)]
  0x0000018ba0f70b80 JavaThread "Timer-35"                          [_thread_blocked, id=33628, stack(0x0000002ee3b00000,0x0000002ee3c00000) (1024K)]
  0x0000018b92b891c0 JavaThread "Timer-36"                          [_thread_blocked, id=23740, stack(0x0000002ee0900000,0x0000002ee0a00000) (1024K)]
  0x0000018b92b884a0 JavaThread "Timer-37"                          [_thread_blocked, id=31252, stack(0x0000002ee0a00000,0x0000002ee0b00000) (1024K)]
  0x0000018b92b86a60 JavaThread "Timer-38"                          [_thread_blocked, id=16708, stack(0x0000002ee3d00000,0x0000002ee3e00000) (1024K)]
  0x0000018b92b870f0 JavaThread "Timer-39"                          [_thread_blocked, id=22384, stack(0x0000002ee3e00000,0x0000002ee3f00000) (1024K)]
  0x0000018b9f479e10 JavaThread "Timer-40"                          [_thread_blocked, id=29624, stack(0x0000002ee3900000,0x0000002ee3a00000) (1024K)]
  0x0000018b9f47ab30 JavaThread "Timer-41"                          [_thread_blocked, id=31508, stack(0x0000002ee3c00000,0x0000002ee3d00000) (1024K)]
  0x0000018b9f47c570 JavaThread "Timer-42"                          [_thread_blocked, id=5028, stack(0x0000002ee3f00000,0x0000002ee4000000) (1024K)]
  0x0000018b94b3d060 JavaThread "Timer-43"                          [_thread_blocked, id=28444, stack(0x0000002ee2700000,0x0000002ee2800000) (1024K)]
  0x0000018b94b38ec0 JavaThread "Timer-44"                          [_thread_blocked, id=4764, stack(0x0000002ee4000000,0x0000002ee4100000) (1024K)]
  0x0000018b94b3dd80 JavaThread "Worker-33"                         [_thread_blocked, id=33428, stack(0x0000002ee4100000,0x0000002ee4200000) (1024K)]
  0x0000018b94b37b10 JavaThread "Timer-45"                          [_thread_blocked, id=31364, stack(0x0000002ee4200000,0x0000002ee4300000) (1024K)]
  0x0000018b94b381a0 JavaThread "Timer-46"                          [_thread_blocked, id=20004, stack(0x0000002ee4300000,0x0000002ee4400000) (1024K)]
  0x0000018b93f374e0 JavaThread "Timer-47"                          [_thread_blocked, id=30044, stack(0x0000002ee4400000,0x0000002ee4500000) (1024K)]
  0x0000018b93f35410 JavaThread "Timer-48"                          [_thread_blocked, id=23224, stack(0x0000002ee4500000,0x0000002ee4600000) (1024K)]
  0x0000018b93f38890 JavaThread "Timer-49"                          [_thread_blocked, id=22764, stack(0x0000002ee4700000,0x0000002ee4800000) (1024K)]
  0x0000018ba0f6f7d0 JavaThread "Timer-50"                          [_thread_blocked, id=22412, stack(0x0000002ee3300000,0x0000002ee3400000) (1024K)]
  0x0000018ba0f6e420 JavaThread "Timer-51"                          [_thread_blocked, id=25828, stack(0x0000002ee4600000,0x0000002ee4700000) (1024K)]
  0x0000018b92b85d40 JavaThread "Timer-52"                          [_thread_blocked, id=30832, stack(0x0000002ee4900000,0x0000002ee4a00000) (1024K)]
  0x0000018b92b87780 JavaThread "Timer-53"                          [_thread_blocked, id=32396, stack(0x0000002ee4b00000,0x0000002ee4c00000) (1024K)]
  0x0000018b93f67b60 JavaThread "Timer-54"                          [_thread_blocked, id=1064, stack(0x0000002ee4a00000,0x0000002ee4b00000) (1024K)]
  0x0000018b94b39550 JavaThread "Timer-55"                          [_thread_blocked, id=17836, stack(0x0000002ee4c00000,0x0000002ee4d00000) (1024K)]
  0x0000018b92b87e10 JavaThread "Timer-56"                          [_thread_blocked, id=31480, stack(0x0000002ee4d00000,0x0000002ee4e00000) (1024K)]
  0x0000018ba0f6eab0 JavaThread "Worker-36"                         [_thread_blocked, id=6184, stack(0x0000002ee3a00000,0x0000002ee3b00000) (1024K)]
Total: 95

Other Threads:
  0x0000018b338c0bc0 VMThread "VM Thread"                           [id=28428, stack(0x0000002ede800000,0x0000002ede900000) (1024K)]
  0x0000018b33870100 WatcherThread "VM Periodic Task Thread"        [id=10188, stack(0x0000002ede700000,0x0000002ede800000) (1024K)]
  0x0000018b3381f980 WorkerThread "GC Thread#0"                     [id=30616, stack(0x0000002ede600000,0x0000002ede700000) (1024K)]
  0x0000018b8d627690 WorkerThread "GC Thread#1"                     [id=2128, stack(0x0000002edf500000,0x0000002edf600000) (1024K)]
  0x0000018b922a23f0 WorkerThread "GC Thread#2"                     [id=8712, stack(0x0000002edf600000,0x0000002edf700000) (1024K)]
  0x0000018b922a27a0 WorkerThread "GC Thread#3"                     [id=33560, stack(0x0000002edf700000,0x0000002edf800000) (1024K)]
  0x0000018b922a2b50 WorkerThread "GC Thread#4"                     [id=30404, stack(0x0000002edf800000,0x0000002edf900000) (1024K)]
  0x0000018b8dd0bd40 WorkerThread "GC Thread#5"                     [id=29044, stack(0x0000002edf900000,0x0000002edfa00000) (1024K)]
  0x0000018b8dd0c0f0 WorkerThread "GC Thread#6"                     [id=29080, stack(0x0000002edfa00000,0x0000002edfb00000) (1024K)]
  0x0000018b8dca9aa0 WorkerThread "GC Thread#7"                     [id=23216, stack(0x0000002edfc00000,0x0000002edfd00000) (1024K)]
  0x0000018b926e3530 WorkerThread "GC Thread#8"                     [id=33660, stack(0x0000002ee0000000,0x0000002ee0100000) (1024K)]
  0x0000018b926e38e0 WorkerThread "GC Thread#9"                     [id=2872, stack(0x0000002ee0100000,0x0000002ee0200000) (1024K)]
Total: 12

Threads with active compile tasks:
Total: 0

VM state: not at safepoint (normal execution)

VM Mutex/Monitor currently owned by a thread: None

Heap address: 0x0000000080000000, size: 2048 MB, Compressed Oops mode: 32-bit

CDS archive(s) mapped at: [0x0000018b4b000000-0x0000018b4bba0000-0x0000018b4bba0000), size 12189696, SharedBaseAddress: 0x0000018b4b000000, ArchiveRelocationMode: 1.
Compressed class space mapped at: 0x0000018b4c000000-0x0000018b8c000000, reserved size: 1073741824
Narrow klass base: 0x0000018b4b000000, Narrow klass shift: 0, Narrow klass range: 0x100000000

GC Precious Log:
 CardTable entry size: 512
 CPUs: 12 total, 12 available
 Memory: 32661M
 Large Page Support: Disabled
 NUMA Support: Disabled
 Compressed Oops: Enabled (32-bit)
 Alignments: Space 512K, Generation 512K, Heap 2M
 Heap Min Capacity: 100M
 Heap Initial Capacity: 100M
 Heap Max Capacity: 2G
 Pre-touch: Disabled
 Parallel Workers: 10

Heap:
 PSYoungGen      total 6656K, used 3495K [0x00000000d5580000, 0x00000000d5d00000, 0x0000000100000000)
  eden space 6144K, 53% used [0x00000000d5580000,0x00000000d58b9e60,0x00000000d5b80000)
  from space 512K, 37% used [0x00000000d5c00000,0x00000000d5c30000,0x00000000d5c80000)
  to   space 512K, 0% used [0x00000000d5c80000,0x00000000d5c80000,0x00000000d5d00000)
 ParOldGen       total 945664K, used 945501K [0x0000000080000000, 0x00000000b9b80000, 0x00000000d5580000)
  object space 945664K, 99% used [0x0000000080000000,0x00000000b9b574f8,0x00000000b9b80000)
 Metaspace       used 77991K, committed 79680K, reserved 1179648K
  class space    used 9235K, committed 9984K, reserved 1048576K

Card table byte_map: [0x0000018b331b0000,0x0000018b335c0000] _byte_map_base: 0x0000018b32db0000

Marking Bits: (ParMarkBitMap*) 0x00007ffc8fa23450
 Begin Bits: [0x0000018b45cc0000, 0x0000018b47cc0000)
 End Bits:   [0x0000018b47cc0000, 0x0000018b49cc0000)

Polling page: 0x0000018b317d0000

Metaspace:

Usage:
  Non-class:     67.14 MB used.
      Class:      9.02 MB used.
       Both:     76.16 MB used.

Virtual space:
  Non-class space:      128.00 MB reserved,      68.06 MB ( 53%) committed,  2 nodes.
      Class space:        1.00 GB reserved,       9.75 MB ( <1%) committed,  1 nodes.
             Both:        1.12 GB reserved,      77.81 MB (  7%) committed. 

Chunk freelists:
   Non-Class:  11.34 MB
       Class:  6.31 MB
        Both:  17.66 MB

MaxMetaspaceSize: unlimited
CompressedClassSpaceSize: 1.00 GB
Initial GC threshold: 21.00 MB
Current GC threshold: 124.62 MB
CDS: on
 - commit_granule_bytes: 65536.
 - commit_granule_words: 8192.
 - virtual_space_node_default_size: 8388608.
 - enlarge_chunks_in_place: 1.
 - use_allocation_guard: 0.


Internal statistics:

num_allocs_failed_limit: 9.
num_arena_births: 1646.
num_arena_deaths: 14.
num_vsnodes_births: 3.
num_vsnodes_deaths: 0.
num_space_committed: 1245.
num_space_uncommitted: 0.
num_chunks_returned_to_freelist: 23.
num_chunks_taken_from_freelist: 5254.
num_chunk_merges: 11.
num_chunk_splits: 3319.
num_chunks_enlarged: 1969.
num_inconsistent_stats: 0.

CodeHeap 'non-profiled nmethods': size=120000Kb used=15951Kb max_used=16560Kb free=104048Kb
 bounds [0x0000018b3e4e0000, 0x0000018b3f550000, 0x0000018b45a10000]
CodeHeap 'profiled nmethods': size=120000Kb used=26174Kb max_used=28601Kb free=93825Kb
 bounds [0x0000018b36a10000, 0x0000018b38640000, 0x0000018b3df40000]
CodeHeap 'non-nmethods': size=5760Kb used=1436Kb max_used=1558Kb free=4323Kb
 bounds [0x0000018b3df40000, 0x0000018b3e1b0000, 0x0000018b3e4e0000]
CodeCache: size=245760Kb, used=43561Kb, max_used=46719Kb, free=202196Kb
 total_blobs=13719, nmethods=12973, adapters=651, full_count=0
Compilation: enabled, stopped_count=0, restarted_count=0

Compilation events (20 events):
Event: 65016.088 Thread 0x0000018b4a2b85b0 17774       4       java.util.concurrent.Executors$RunnableAdapter::call (14 bytes)
Event: 65016.089 Thread 0x0000018b4a2b85b0 nmethod 17774 0x0000018b3ed97510 code [0x0000018b3ed976a0, 0x0000018b3ed97760]
Event: 65676.187 Thread 0x0000018b4a2b85b0 17775       4       java.util.concurrent.ScheduledThreadPoolExecutor$DelayedWorkQueue::add (9 bytes)
Event: 65676.193 Thread 0x0000018b4a2b85b0 nmethod 17775 0x0000018b3ed96690 code [0x0000018b3ed968c0, 0x0000018b3ed96f10]
Event: 65676.193 Thread 0x0000018b4a2b85b0 17776   !   4       java.util.concurrent.ScheduledThreadPoolExecutor$DelayedWorkQueue::offer (123 bytes)
Event: 65676.206 Thread 0x0000018b4a2b85b0 nmethod 17776 0x0000018b3ed95810 code [0x0000018b3ed95a40, 0x0000018b3ed96090]
Event: 65816.207 Thread 0x0000018b4a2b85b0 17777       4       java.util.concurrent.ScheduledThreadPoolExecutor$ScheduledFutureTask::run (57 bytes)
Event: 65816.222 Thread 0x0000018b4a2b85b0 nmethod 17777 0x0000018b3e8d9490 code [0x0000018b3e8d9760, 0x0000018b3e8da458]
Event: 84219.649 Thread 0x0000018b4a2b85b0 17778       4       org.eclipse.jdt.ls.core.internal.ParentProcessWatcher::run (83 bytes)
Event: 84219.684 Thread 0x0000018b4a2b85b0 nmethod 17778 0x0000018b3ed95210 code [0x0000018b3ed953c0, 0x0000018b3ed955a0]
Event: 84219.684 Thread 0x0000018b4a2b85b0 17779       4       org.eclipse.jdt.ls.core.internal.ParentProcessWatcher::parentProcessStillRunning (62 bytes)
Event: 84219.686 Thread 0x0000018b4a2b85b0 nmethod 17779 0x0000018b3ed94c10 code [0x0000018b3ed94dc0, 0x0000018b3ed94fa0]
Event: 140337.133 Thread 0x0000018b4a2b85b0 17780       4       jdk.internal.misc.InnocuousThread::eraseThreadLocals (23 bytes)
Event: 140337.136 Thread 0x0000018b4a2b85b0 nmethod 17780 0x0000018b3ed94910 code [0x0000018b3ed94aa0, 0x0000018b3ed94b30]
Event: 173927.989 Thread 0x0000018b4a2b85b0 17781   !   4       java.lang.ref.ReferenceQueue::remove (61 bytes)
Event: 173928.068 Thread 0x0000018b4a2b85b0 nmethod 17781 0x0000018b3e8d6390 code [0x0000018b3e8d6700, 0x0000018b3e8d7ef0]
Event: 173928.069 Thread 0x0000018b4a2b85b0 17782       4       java.lang.ref.ReferenceQueue::remove0 (64 bytes)
Event: 173928.091 Thread 0x0000018b4a2b85b0 nmethod 17782 0x0000018b3e8d3a90 code [0x0000018b3e8d3da0, 0x0000018b3e8d51b8]
Event: 207302.408 Thread 0x0000018b4a2bdc60 17783       1       org.eclipse.core.internal.utils.StringPool::getSavedStringCount (5 bytes)
Event: 207302.412 Thread 0x0000018b4a2bdc60 nmethod 17783 0x0000018b3ed94590 code [0x0000018b3ed94720, 0x0000018b3ed947e8]

GC Heap History (20 events):
Event: 48567.767 GC heap before
{Heap before GC invocations=9961 (full 5):
 PSYoungGen      total 6656K, used 6523K [0x00000000d5580000, 0x00000000d5d80000, 0x0000000100000000)
  eden space 6144K, 99% used [0x00000000d5580000,0x00000000d5b7eca8,0x00000000d5b80000)
  from space 512K, 75% used [0x00000000d5c00000,0x00000000d5c60010,0x00000000d5c80000)
  to   space 1024K, 0% used [0x00000000d5c80000,0x00000000d5c80000,0x00000000d5d80000)
 ParOldGen       total 945664K, used 945253K [0x0000000080000000, 0x00000000b9b80000, 0x00000000d5580000)
  object space 945664K, 99% used [0x0000000080000000,0x00000000b9b194f8,0x00000000b9b80000)
 Metaspace       used 77991K, committed 79680K, reserved 1179648K
  class space    used 9235K, committed 9984K, reserved 1048576K
}
Event: 48567.796 GC heap after
{Heap after GC invocations=9961 (full 5):
 PSYoungGen      total 6656K, used 256K [0x00000000d5580000, 0x00000000d5d00000, 0x0000000100000000)
  eden space 6144K, 0% used [0x00000000d5580000,0x00000000d5580000,0x00000000d5b80000)
  from space 512K, 50% used [0x00000000d5c80000,0x00000000d5cc0000,0x00000000d5d00000)
  to   space 512K, 0% used [0x00000000d5c00000,0x00000000d5c00000,0x00000000d5c80000)
 ParOldGen       total 945664K, used 945317K [0x0000000080000000, 0x00000000b9b80000, 0x00000000d5580000)
  object space 945664K, 99% used [0x0000000080000000,0x00000000b9b294f8,0x00000000b9b80000)
 Metaspace       used 77991K, committed 79680K, reserved 1179648K
  class space    used 9235K, committed 9984K, reserved 1048576K
}
Event: 61168.116 GC heap before
{Heap before GC invocations=9962 (full 5):
 PSYoungGen      total 6656K, used 6400K [0x00000000d5580000, 0x00000000d5d00000, 0x0000000100000000)
  eden space 6144K, 100% used [0x00000000d5580000,0x00000000d5b80000,0x00000000d5b80000)
  from space 512K, 50% used [0x00000000d5c80000,0x00000000d5cc0000,0x00000000d5d00000)
  to   space 512K, 0% used [0x00000000d5c00000,0x00000000d5c00000,0x00000000d5c80000)
 ParOldGen       total 945664K, used 945317K [0x0000000080000000, 0x00000000b9b80000, 0x00000000d5580000)
  object space 945664K, 99% used [0x0000000080000000,0x00000000b9b294f8,0x00000000b9b80000)
 Metaspace       used 77991K, committed 79680K, reserved 1179648K
  class space    used 9235K, committed 9984K, reserved 1048576K
}
Event: 61168.152 GC heap after
{Heap after GC invocations=9962 (full 5):
 PSYoungGen      total 6656K, used 480K [0x00000000d5580000, 0x00000000d5d80000, 0x0000000100000000)
  eden space 6144K, 0% used [0x00000000d5580000,0x00000000d5580000,0x00000000d5b80000)
  from space 512K, 93% used [0x00000000d5c00000,0x00000000d5c78020,0x00000000d5c80000)
  to   space 1024K, 0% used [0x00000000d5c80000,0x00000000d5c80000,0x00000000d5d80000)
 ParOldGen       total 945664K, used 945389K [0x0000000080000000, 0x00000000b9b80000, 0x00000000d5580000)
  object space 945664K, 99% used [0x0000000080000000,0x00000000b9b3b4f8,0x00000000b9b80000)
 Metaspace       used 77991K, committed 79680K, reserved 1179648K
  class space    used 9235K, committed 9984K, reserved 1048576K
}
Event: 74668.618 GC heap before
{Heap before GC invocations=9963 (full 5):
 PSYoungGen      total 6656K, used 6624K [0x00000000d5580000, 0x00000000d5d80000, 0x0000000100000000)
  eden space 6144K, 100% used [0x00000000d5580000,0x00000000d5b80000,0x00000000d5b80000)
  from space 512K, 93% used [0x00000000d5c00000,0x00000000d5c78020,0x00000000d5c80000)
  to   space 1024K, 0% used [0x00000000d5c80000,0x00000000d5c80000,0x00000000d5d80000)
 ParOldGen       total 945664K, used 945389K [0x0000000080000000, 0x00000000b9b80000, 0x00000000d5580000)
  object space 945664K, 99% used [0x0000000080000000,0x00000000b9b3b4f8,0x00000000b9b80000)
 Metaspace       used 77991K, committed 79680K, reserved 1179648K
  class space    used 9235K, committed 9984K, reserved 1048576K
}
Event: 74668.654 GC heap after
{Heap after GC invocations=9963 (full 5):
 PSYoungGen      total 7168K, used 512K [0x00000000d5580000, 0x00000000d5d80000, 0x0000000100000000)
  eden space 6144K, 0% used [0x00000000d5580000,0x00000000d5580000,0x00000000d5b80000)
  from space 1024K, 50% used [0x00000000d5c80000,0x00000000d5d00020,0x00000000d5d80000)
  to   space 1024K, 0% used [0x00000000d5b80000,0x00000000d5b80000,0x00000000d5c80000)
 ParOldGen       total 945664K, used 945413K [0x0000000080000000, 0x00000000b9b80000, 0x00000000d5580000)
  object space 945664K, 99% used [0x0000000080000000,0x00000000b9b414f8,0x00000000b9b80000)
 Metaspace       used 77991K, committed 79680K, reserved 1179648K
  class space    used 9235K, committed 9984K, reserved 1048576K
}
Event: 88169.356 GC heap before
{Heap before GC invocations=9964 (full 5):
 PSYoungGen      total 7168K, used 6656K [0x00000000d5580000, 0x00000000d5d80000, 0x0000000100000000)
  eden space 6144K, 100% used [0x00000000d5580000,0x00000000d5b80000,0x00000000d5b80000)
  from space 1024K, 50% used [0x00000000d5c80000,0x00000000d5d00020,0x00000000d5d80000)
  to   space 1024K, 0% used [0x00000000d5b80000,0x00000000d5b80000,0x00000000d5c80000)
 ParOldGen       total 945664K, used 945413K [0x0000000080000000, 0x00000000b9b80000, 0x00000000d5580000)
  object space 945664K, 99% used [0x0000000080000000,0x00000000b9b414f8,0x00000000b9b80000)
 Metaspace       used 77991K, committed 79680K, reserved 1179648K
  class space    used 9235K, committed 9984K, reserved 1048576K
}
Event: 88169.399 GC heap after
{Heap after GC invocations=9964 (full 5):
 PSYoungGen      total 7168K, used 368K [0x00000000d5580000, 0x00000000d5d00000, 0x0000000100000000)
  eden space 6144K, 0% used [0x00000000d5580000,0x00000000d5580000,0x00000000d5b80000)
  from space 1024K, 35% used [0x00000000d5b80000,0x00000000d5bdc010,0x00000000d5c80000)
  to   space 512K, 0% used [0x00000000d5c80000,0x00000000d5c80000,0x00000000d5d00000)
 ParOldGen       total 945664K, used 945453K [0x0000000080000000, 0x00000000b9b80000, 0x00000000d5580000)
  object space 945664K, 99% used [0x0000000080000000,0x00000000b9b4b4f8,0x00000000b9b80000)
 Metaspace       used 77991K, committed 79680K, reserved 1179648K
  class space    used 9235K, committed 9984K, reserved 1048576K
}
Event: 134192.206 GC heap before
{Heap before GC invocations=9965 (full 5):
 PSYoungGen      total 7168K, used 6512K [0x00000000d5580000, 0x00000000d5d00000, 0x0000000100000000)
  eden space 6144K, 100% used [0x00000000d5580000,0x00000000d5b80000,0x00000000d5b80000)
  from space 1024K, 35% used [0x00000000d5b80000,0x00000000d5bdc010,0x00000000d5c80000)
  to   space 512K, 0% used [0x00000000d5c80000,0x00000000d5c80000,0x00000000d5d00000)
 ParOldGen       total 945664K, used 945453K [0x0000000080000000, 0x00000000b9b80000, 0x00000000d5580000)
  object space 945664K, 99% used [0x0000000080000000,0x00000000b9b4b4f8,0x00000000b9b80000)
 Metaspace       used 77991K, committed 79680K, reserved 1179648K
  class space    used 9235K, committed 9984K, reserved 1048576K
}
Event: 134192.242 GC heap after
{Heap after GC invocations=9965 (full 5):
 PSYoungGen      total 6656K, used 224K [0x00000000d5580000, 0x00000000d5d00000, 0x0000000100000000)
  eden space 6144K, 0% used [0x00000000d5580000,0x00000000d5580000,0x00000000d5b80000)
  from space 512K, 43% used [0x00000000d5c80000,0x00000000d5cb8000,0x00000000d5d00000)
  to   space 512K, 0% used [0x00000000d5c00000,0x00000000d5c00000,0x00000000d5c80000)
 ParOldGen       total 945664K, used 945493K [0x0000000080000000, 0x00000000b9b80000, 0x00000000d5580000)
  object space 945664K, 99% used [0x0000000080000000,0x00000000b9b554f8,0x00000000b9b80000)
 Metaspace       used 77991K, committed 79680K, reserved 1179648K
  class space    used 9235K, committed 9984K, reserved 1048576K
}
Event: 147400.447 GC heap before
{Heap before GC invocations=9966 (full 5):
 PSYoungGen      total 6656K, used 6337K [0x00000000d5580000, 0x00000000d5d00000, 0x0000000100000000)
  eden space 6144K, 99% used [0x00000000d5580000,0x00000000d5b78748,0x00000000d5b80000)
  from space 512K, 43% used [0x00000000d5c80000,0x00000000d5cb8000,0x00000000d5d00000)
  to   space 512K, 0% used [0x00000000d5c00000,0x00000000d5c00000,0x00000000d5c80000)
 ParOldGen       total 945664K, used 945493K [0x0000000080000000, 0x00000000b9b80000, 0x00000000d5580000)
  object space 945664K, 99% used [0x0000000080000000,0x00000000b9b554f8,0x00000000b9b80000)
 Metaspace       used 77991K, committed 79680K, reserved 1179648K
  class space    used 9235K, committed 9984K, reserved 1048576K
}
Event: 147400.551 GC heap after
{Heap after GC invocations=9966 (full 5):
 PSYoungGen      total 6656K, used 448K [0x00000000d5580000, 0x00000000d5d00000, 0x0000000100000000)
  eden space 6144K, 0% used [0x00000000d5580000,0x00000000d5580000,0x00000000d5b80000)
  from space 512K, 87% used [0x00000000d5c00000,0x00000000d5c70020,0x00000000d5c80000)
  to   space 512K, 0% used [0x00000000d5c80000,0x00000000d5c80000,0x00000000d5d00000)
 ParOldGen       total 945664K, used 945493K [0x0000000080000000, 0x00000000b9b80000, 0x00000000d5580000)
  object space 945664K, 99% used [0x0000000080000000,0x00000000b9b554f8,0x00000000b9b80000)
 Metaspace       used 77991K, committed 79680K, reserved 1179648K
  class space    used 9235K, committed 9984K, reserved 1048576K
}
Event: 160900.972 GC heap before
{Heap before GC invocations=9967 (full 5):
 PSYoungGen      total 6656K, used 6592K [0x00000000d5580000, 0x00000000d5d00000, 0x0000000100000000)
  eden space 6144K, 100% used [0x00000000d5580000,0x00000000d5b80000,0x00000000d5b80000)
  from space 512K, 87% used [0x00000000d5c00000,0x00000000d5c70020,0x00000000d5c80000)
  to   space 512K, 0% used [0x00000000d5c80000,0x00000000d5c80000,0x00000000d5d00000)
 ParOldGen       total 945664K, used 945493K [0x0000000080000000, 0x00000000b9b80000, 0x00000000d5580000)
  object space 945664K, 99% used [0x0000000080000000,0x00000000b9b554f8,0x00000000b9b80000)
 Metaspace       used 77991K, committed 79680K, reserved 1179648K
  class space    used 9235K, committed 9984K, reserved 1048576K
}
Event: 160901.045 GC heap after
{Heap after GC invocations=9967 (full 5):
 PSYoungGen      total 6656K, used 320K [0x00000000d5580000, 0x00000000d5d00000, 0x0000000100000000)
  eden space 6144K, 0% used [0x00000000d5580000,0x00000000d5580000,0x00000000d5b80000)
  from space 512K, 62% used [0x00000000d5c80000,0x00000000d5cd0010,0x00000000d5d00000)
  to   space 512K, 0% used [0x00000000d5c00000,0x00000000d5c00000,0x00000000d5c80000)
 ParOldGen       total 945664K, used 945501K [0x0000000080000000, 0x00000000b9b80000, 0x00000000d5580000)
  object space 945664K, 99% used [0x0000000080000000,0x00000000b9b574f8,0x00000000b9b80000)
 Metaspace       used 77991K, committed 79680K, reserved 1179648K
  class space    used 9235K, committed 9984K, reserved 1048576K
}
Event: 176491.843 GC heap before
{Heap before GC invocations=9968 (full 5):
 PSYoungGen      total 6656K, used 6464K [0x00000000d5580000, 0x00000000d5d00000, 0x0000000100000000)
  eden space 6144K, 100% used [0x00000000d5580000,0x00000000d5b80000,0x00000000d5b80000)
  from space 512K, 62% used [0x00000000d5c80000,0x00000000d5cd0010,0x00000000d5d00000)
  to   space 512K, 0% used [0x00000000d5c00000,0x00000000d5c00000,0x00000000d5c80000)
 ParOldGen       total 945664K, used 945501K [0x0000000080000000, 0x00000000b9b80000, 0x00000000d5580000)
  object space 945664K, 99% used [0x0000000080000000,0x00000000b9b574f8,0x00000000b9b80000)
 Metaspace       used 77991K, committed 79680K, reserved 1179648K
  class space    used 9235K, committed 9984K, reserved 1048576K
}
Event: 176491.943 GC heap after
{Heap after GC invocations=9968 (full 5):
 PSYoungGen      total 6656K, used 224K [0x00000000d5580000, 0x00000000d5d00000, 0x0000000100000000)
  eden space 6144K, 0% used [0x00000000d5580000,0x00000000d5580000,0x00000000d5b80000)
  from space 512K, 43% used [0x00000000d5c00000,0x00000000d5c38000,0x00000000d5c80000)
  to   space 512K, 0% used [0x00000000d5c80000,0x00000000d5c80000,0x00000000d5d00000)
 ParOldGen       total 945664K, used 945501K [0x0000000080000000, 0x00000000b9b80000, 0x00000000d5580000)
  object space 945664K, 99% used [0x0000000080000000,0x00000000b9b574f8,0x00000000b9b80000)
 Metaspace       used 77991K, committed 79680K, reserved 1179648K
  class space    used 9235K, committed 9984K, reserved 1048576K
}
Event: 217202.784 GC heap before
{Heap before GC invocations=9969 (full 5):
 PSYoungGen      total 6656K, used 6368K [0x00000000d5580000, 0x00000000d5d00000, 0x0000000100000000)
  eden space 6144K, 100% used [0x00000000d5580000,0x00000000d5b80000,0x00000000d5b80000)
  from space 512K, 43% used [0x00000000d5c00000,0x00000000d5c38000,0x00000000d5c80000)
  to   space 512K, 0% used [0x00000000d5c80000,0x00000000d5c80000,0x00000000d5d00000)
 ParOldGen       total 945664K, used 945501K [0x0000000080000000, 0x00000000b9b80000, 0x00000000d5580000)
  object space 945664K, 99% used [0x0000000080000000,0x00000000b9b574f8,0x00000000b9b80000)
 Metaspace       used 77991K, committed 79680K, reserved 1179648K
  class space    used 9235K, committed 9984K, reserved 1048576K
}
Event: 217202.823 GC heap after
{Heap after GC invocations=9969 (full 5):
 PSYoungGen      total 6656K, used 320K [0x00000000d5580000, 0x00000000d5d00000, 0x0000000100000000)
  eden space 6144K, 0% used [0x00000000d5580000,0x00000000d5580000,0x00000000d5b80000)
  from space 512K, 62% used [0x00000000d5c80000,0x00000000d5cd0000,0x00000000d5d00000)
  to   space 512K, 0% used [0x00000000d5c00000,0x00000000d5c00000,0x00000000d5c80000)
 ParOldGen       total 945664K, used 945501K [0x0000000080000000, 0x00000000b9b80000, 0x00000000d5580000)
  object space 945664K, 99% used [0x0000000080000000,0x00000000b9b574f8,0x00000000b9b80000)
 Metaspace       used 77991K, committed 79680K, reserved 1179648K
  class space    used 9235K, committed 9984K, reserved 1048576K
}
Event: 233783.247 GC heap before
{Heap before GC invocations=9970 (full 5):
 PSYoungGen      total 6656K, used 6464K [0x00000000d5580000, 0x00000000d5d00000, 0x0000000100000000)
  eden space 6144K, 100% used [0x00000000d5580000,0x00000000d5b80000,0x00000000d5b80000)
  from space 512K, 62% used [0x00000000d5c80000,0x00000000d5cd0000,0x00000000d5d00000)
  to   space 512K, 0% used [0x00000000d5c00000,0x00000000d5c00000,0x00000000d5c80000)
 ParOldGen       total 945664K, used 945501K [0x0000000080000000, 0x00000000b9b80000, 0x00000000d5580000)
  object space 945664K, 99% used [0x0000000080000000,0x00000000b9b574f8,0x00000000b9b80000)
 Metaspace       used 77991K, committed 79680K, reserved 1179648K
  class space    used 9235K, committed 9984K, reserved 1048576K
}
Event: 233783.694 GC heap after
{Heap after GC invocations=9970 (full 5):
 PSYoungGen      total 6656K, used 192K [0x00000000d5580000, 0x00000000d5d00000, 0x0000000100000000)
  eden space 6144K, 0% used [0x00000000d5580000,0x00000000d5580000,0x00000000d5b80000)
  from space 512K, 37% used [0x00000000d5c00000,0x00000000d5c30000,0x00000000d5c80000)
  to   space 512K, 0% used [0x00000000d5c80000,0x00000000d5c80000,0x00000000d5d00000)
 ParOldGen       total 945664K, used 945501K [0x0000000080000000, 0x00000000b9b80000, 0x00000000d5580000)
  object space 945664K, 99% used [0x0000000080000000,0x00000000b9b574f8,0x00000000b9b80000)
 Metaspace       used 77991K, committed 79680K, reserved 1179648K
  class space    used 9235K, committed 9984K, reserved 1048576K
}

Dll operation events (15 events):
Event: 0.006 Loaded shared library c:\Users\malkotoHuski\.vscode\extensions\redhat.java-1.53.0-win32-x64\jre\21.0.10-win32-x86_64\bin\java.dll
Event: 0.075 Loaded shared library c:\Users\malkotoHuski\.vscode\extensions\redhat.java-1.53.0-win32-x64\jre\21.0.10-win32-x86_64\bin\zip.dll
Event: 0.098 Loaded shared library C:\Users\malkotoHuski\.vscode\extensions\redhat.java-1.53.0-win32-x64\jre\21.0.10-win32-x86_64\bin\instrument.dll
Event: 0.102 Loaded shared library C:\Users\malkotoHuski\.vscode\extensions\redhat.java-1.53.0-win32-x64\jre\21.0.10-win32-x86_64\bin\net.dll
Event: 0.104 Loaded shared library C:\Users\malkotoHuski\.vscode\extensions\redhat.java-1.53.0-win32-x64\jre\21.0.10-win32-x86_64\bin\nio.dll
Event: 0.107 Loaded shared library C:\Users\malkotoHuski\.vscode\extensions\redhat.java-1.53.0-win32-x64\jre\21.0.10-win32-x86_64\bin\zip.dll
Event: 0.128 Loaded shared library C:\Users\malkotoHuski\.vscode\extensions\redhat.java-1.53.0-win32-x64\jre\21.0.10-win32-x86_64\bin\jimage.dll
Event: 0.208 Loaded shared library c:\Users\malkotoHuski\.vscode\extensions\redhat.java-1.53.0-win32-x64\jre\21.0.10-win32-x86_64\bin\verify.dll
Event: 1.182 Loaded shared library C:\Users\malkotoHuski\AppData\Roaming\Code\User\globalStorage\redhat.java\1.53.0\config_win\org.eclipse.equinox.launcher\org.eclipse.equinox.launcher.win32.win32.x86_64_1.3.0.v20260203-2149\eclipse_11919.dll
Event: 2.460 Loaded shared library C:\Users\malkotoHuski\AppData\Local\Temp\jna-2104362733\jna866874007653790029.dll
Event: 5.886 Loaded shared library C:\Users\malkotoHuski\.gradle\native\c067742578af261105cb4f569cf0c3c89f3d7b1fecec35dd04571415982c5e48\windows-amd64\native-platform.dll
Event: 6.580 Loaded shared library C:\Users\malkotoHuski\.vscode\extensions\redhat.java-1.53.0-win32-x64\jre\21.0.10-win32-x86_64\bin\management.dll
Event: 6.583 Loaded shared library C:\Users\malkotoHuski\.vscode\extensions\redhat.java-1.53.0-win32-x64\jre\21.0.10-win32-x86_64\bin\management_ext.dll
Event: 10.963 Loaded shared library C:\Users\malkotoHuski\.vscode\extensions\redhat.java-1.53.0-win32-x64\jre\21.0.10-win32-x86_64\bin\extnet.dll
Event: 10.998 Loaded shared library C:\Users\malkotoHuski\.vscode\extensions\redhat.java-1.53.0-win32-x64\jre\21.0.10-win32-x86_64\bin\sunmscapi.dll

Deoptimization events (20 events):
Event: 65686.188 Thread 0x0000018b93f674d0 Uncommon trap: trap_request=0xffffffd6 fr.pc=0x0000018b3ed96c8c relative=0x00000000000003cc
Event: 65686.188 Thread 0x0000018b93f674d0 Uncommon trap: reason=array_check action=maybe_recompile pc=0x0000018b3ed96c8c method=java.util.concurrent.ScheduledThreadPoolExecutor$DelayedWorkQueue.offer(Ljava/lang/Runnable;)Z @ 65 c2
Event: 65686.188 Thread 0x0000018b93f674d0 DEOPT PACKING pc=0x0000018b3ed96c8c sp=0x0000002ee1bff290
Event: 65686.189 Thread 0x0000018b93f674d0 DEOPT UNPACKING pc=0x0000018b3df93aa2 sp=0x0000002ee1bff130 mode 2
Event: 65696.190 Thread 0x0000018b93f674d0 Uncommon trap: trap_request=0xffffffd6 fr.pc=0x0000018b3ed96c8c relative=0x00000000000003cc
Event: 65696.190 Thread 0x0000018b93f674d0 Uncommon trap: reason=array_check action=maybe_recompile pc=0x0000018b3ed96c8c method=java.util.concurrent.ScheduledThreadPoolExecutor$DelayedWorkQueue.offer(Ljava/lang/Runnable;)Z @ 65 c2
Event: 65696.190 Thread 0x0000018b93f674d0 DEOPT PACKING pc=0x0000018b3ed96c8c sp=0x0000002ee1bff290
Event: 65696.190 Thread 0x0000018b93f674d0 DEOPT UNPACKING pc=0x0000018b3df93aa2 sp=0x0000002ee1bff130 mode 2
Event: 65696.967 Thread 0x0000018b9209f6a0 Uncommon trap: trap_request=0xffffffd6 fr.pc=0x0000018b3ed96c8c relative=0x00000000000003cc
Event: 65696.967 Thread 0x0000018b9209f6a0 Uncommon trap: reason=array_check action=maybe_recompile pc=0x0000018b3ed96c8c method=java.util.concurrent.ScheduledThreadPoolExecutor$DelayedWorkQueue.offer(Ljava/lang/Runnable;)Z @ 65 c2
Event: 65696.967 Thread 0x0000018b9209f6a0 DEOPT PACKING pc=0x0000018b3ed96c8c sp=0x0000002edfbfedc0
Event: 65696.967 Thread 0x0000018b9209f6a0 DEOPT UNPACKING pc=0x0000018b3df93aa2 sp=0x0000002edfbfec60 mode 2
Event: 65706.191 Thread 0x0000018b93f674d0 Uncommon trap: trap_request=0xffffffd6 fr.pc=0x0000018b3ed96c8c relative=0x00000000000003cc
Event: 65706.191 Thread 0x0000018b93f674d0 Uncommon trap: reason=array_check action=maybe_recompile pc=0x0000018b3ed96c8c method=java.util.concurrent.ScheduledThreadPoolExecutor$DelayedWorkQueue.offer(Ljava/lang/Runnable;)Z @ 65 c2
Event: 65706.191 Thread 0x0000018b93f674d0 DEOPT PACKING pc=0x0000018b3ed96c8c sp=0x0000002ee1bff290
Event: 65706.191 Thread 0x0000018b93f674d0 DEOPT UNPACKING pc=0x0000018b3df93aa2 sp=0x0000002ee1bff130 mode 2
Event: 65716.193 Thread 0x0000018b93f674d0 Uncommon trap: trap_request=0xffffffd6 fr.pc=0x0000018b3ed95e0c relative=0x00000000000003cc
Event: 65716.193 Thread 0x0000018b93f674d0 Uncommon trap: reason=array_check action=maybe_recompile pc=0x0000018b3ed95e0c method=java.util.concurrent.ScheduledThreadPoolExecutor$DelayedWorkQueue.offer(Ljava/lang/Runnable;)Z @ 65 c2
Event: 65716.193 Thread 0x0000018b93f674d0 DEOPT PACKING pc=0x0000018b3ed95e0c sp=0x0000002ee1bff1e0
Event: 65716.193 Thread 0x0000018b93f674d0 DEOPT UNPACKING pc=0x0000018b3df93aa2 sp=0x0000002ee1bff150 mode 2

Classes loaded (20 events):
Event: 32.765 Loading class java/util/stream/ReduceOps$CountingSink$OfRef
Event: 32.765 Loading class java/util/stream/ReduceOps$CountingSink
Event: 32.765 Loading class java/util/stream/ReduceOps$CountingSink done
Event: 32.765 Loading class java/util/stream/ReduceOps$CountingSink$OfRef done
Event: 33.100 Loading class java/util/stream/ReduceOps$1
Event: 33.100 Loading class java/util/stream/ReduceOps$1 done
Event: 33.100 Loading class java/util/stream/ReduceOps$1ReducingSink
Event: 33.100 Loading class java/util/stream/ReduceOps$1ReducingSink done
Event: 33.636 Loading class java/io/SequenceInputStream
Event: 33.636 Loading class java/io/SequenceInputStream done
Event: 56.029 Loading class java/util/concurrent/CompletableFuture$UniApply
Event: 56.029 Loading class java/util/concurrent/CompletableFuture$UniCompletion
Event: 56.029 Loading class java/util/concurrent/CompletableFuture$UniCompletion done
Event: 56.029 Loading class java/util/concurrent/CompletableFuture$UniApply done
Event: 56.029 Loading class java/util/concurrent/CompletableFuture$UniAccept
Event: 56.029 Loading class java/util/concurrent/CompletableFuture$UniAccept done
Event: 56.029 Loading class java/util/concurrent/CompletableFuture$UniExceptionally
Event: 56.030 Loading class java/util/concurrent/CompletableFuture$UniExceptionally done
Event: 3188.305 Loading class java/nio/channels/CompletionHandler
Event: 3188.305 Loading class java/nio/channels/CompletionHandler done

Classes unloaded (7 events):
Event: 3.191 Thread 0x0000018b338c0bc0 Unloading class 0x0000018b4c1a2800 'java/lang/invoke/LambdaForm$MH+0x0000018b4c1a2800'
Event: 3.191 Thread 0x0000018b338c0bc0 Unloading class 0x0000018b4c1a2400 'java/lang/invoke/LambdaForm$MH+0x0000018b4c1a2400'
Event: 3.191 Thread 0x0000018b338c0bc0 Unloading class 0x0000018b4c1a2000 'java/lang/invoke/LambdaForm$MH+0x0000018b4c1a2000'
Event: 3.191 Thread 0x0000018b338c0bc0 Unloading class 0x0000018b4c1a1c00 'java/lang/invoke/LambdaForm$MH+0x0000018b4c1a1c00'
Event: 3.191 Thread 0x0000018b338c0bc0 Unloading class 0x0000018b4c1a1800 'java/lang/invoke/LambdaForm$BMH+0x0000018b4c1a1800'
Event: 3.191 Thread 0x0000018b338c0bc0 Unloading class 0x0000018b4c1a1400 'java/lang/invoke/LambdaForm$DMH+0x0000018b4c1a1400'
Event: 3.191 Thread 0x0000018b338c0bc0 Unloading class 0x0000018b4c1a0000 'java/lang/invoke/LambdaForm$DMH+0x0000018b4c1a0000'

Classes redefined (0 events):
No events

Internal exceptions (20 events):
Event: 3475.593 Thread 0x0000018b94b3dd80 Exception <a 'sun/nio/fs/WindowsException'{0x00000000d594dd10}> (0x00000000d594dd10) 
thrown [s\src\hotspot\share\prims\jni.cpp, line 520]
Event: 3475.593 Thread 0x0000018b94b3dd80 Exception <a 'sun/nio/fs/WindowsException'{0x00000000d594e488}> (0x00000000d594e488) 
thrown [s\src\hotspot\share\prims\jni.cpp, line 520]
Event: 3475.595 Thread 0x0000018b94b3dd80 Exception <a 'sun/nio/fs/WindowsException'{0x00000000d5977b08}> (0x00000000d5977b08) 
thrown [s\src\hotspot\share\prims\jni.cpp, line 520]
Event: 3475.595 Thread 0x0000018b94b3dd80 Exception <a 'sun/nio/fs/WindowsException'{0x00000000d5978238}> (0x00000000d5978238) 
thrown [s\src\hotspot\share\prims\jni.cpp, line 520]
Event: 3475.595 Thread 0x0000018b94b3dd80 Exception <a 'sun/nio/fs/WindowsException'{0x00000000d59794c0}> (0x00000000d59794c0) 
thrown [s\src\hotspot\share\prims\jni.cpp, line 520]
Event: 3475.595 Thread 0x0000018b94b3dd80 Exception <a 'sun/nio/fs/WindowsException'{0x00000000d5979bf0}> (0x00000000d5979bf0) 
thrown [s\src\hotspot\share\prims\jni.cpp, line 520]
Event: 3475.596 Thread 0x0000018b94b3dd80 Exception <a 'sun/nio/fs/WindowsException'{0x00000000d597ae78}> (0x00000000d597ae78) 
thrown [s\src\hotspot\share\prims\jni.cpp, line 520]
Event: 3475.596 Thread 0x0000018b94b3dd80 Exception <a 'sun/nio/fs/WindowsException'{0x00000000d597b5a8}> (0x00000000d597b5a8) 
thrown [s\src\hotspot\share\prims\jni.cpp, line 520]
Event: 3475.596 Thread 0x0000018b94b3dd80 Exception <a 'sun/nio/fs/WindowsException'{0x00000000d597c830}> (0x00000000d597c830) 
thrown [s\src\hotspot\share\prims\jni.cpp, line 520]
Event: 3475.596 Thread 0x0000018b94b3dd80 Exception <a 'sun/nio/fs/WindowsException'{0x00000000d597cf60}> (0x00000000d597cf60) 
thrown [s\src\hotspot\share\prims\jni.cpp, line 520]
Event: 3475.596 Thread 0x0000018b94b3dd80 Exception <a 'sun/nio/fs/WindowsException'{0x00000000d597e1e8}> (0x00000000d597e1e8) 
thrown [s\src\hotspot\share\prims\jni.cpp, line 520]
Event: 3475.596 Thread 0x0000018b94b3dd80 Exception <a 'sun/nio/fs/WindowsException'{0x00000000d597e918}> (0x00000000d597e918) 
thrown [s\src\hotspot\share\prims\jni.cpp, line 520]
Event: 3475.596 Thread 0x0000018b94b3dd80 Exception <a 'sun/nio/fs/WindowsException'{0x00000000d597fba0}> (0x00000000d597fba0) 
thrown [s\src\hotspot\share\prims\jni.cpp, line 520]
Event: 3475.596 Thread 0x0000018b94b3dd80 Exception <a 'sun/nio/fs/WindowsException'{0x00000000d59802d0}> (0x00000000d59802d0) 
thrown [s\src\hotspot\share\prims\jni.cpp, line 520]
Event: 3475.597 Thread 0x0000018b94b3dd80 Exception <a 'sun/nio/fs/WindowsException'{0x00000000d5981578}> (0x00000000d5981578) 
thrown [s\src\hotspot\share\prims\jni.cpp, line 520]
Event: 3475.597 Thread 0x0000018b94b3dd80 Exception <a 'sun/nio/fs/WindowsException'{0x00000000d5981cf0}> (0x00000000d5981cf0) 
thrown [s\src\hotspot\share\prims\jni.cpp, line 520]
Event: 3475.597 Thread 0x0000018b94b3dd80 Exception <a 'sun/nio/fs/WindowsException'{0x00000000d5984608}> (0x00000000d5984608) 
thrown [s\src\hotspot\share\prims\jni.cpp, line 520]
Event: 3475.597 Thread 0x0000018b94b3dd80 Exception <a 'sun/nio/fs/WindowsException'{0x00000000d5984d80}> (0x00000000d5984d80) 
thrown [s\src\hotspot\share\prims\jni.cpp, line 520]
Event: 3475.597 Thread 0x0000018b94b3dd80 Exception <a 'sun/nio/fs/WindowsException'{0x00000000d5986338}> (0x00000000d5986338) 
thrown [s\src\hotspot\share\prims\jni.cpp, line 520]
Event: 3475.597 Thread 0x0000018b94b3dd80 Exception <a 'sun/nio/fs/WindowsException'{0x00000000d5986ab0}> (0x00000000d5986ab0) 
thrown [s\src\hotspot\share\prims\jni.cpp, line 520]

ZGC Phase Switch (0 events):
No events

VM Operations (20 events):
Event: 237412.385 Executing non-safepoint VM operation: HandshakeAllThreads (HandshakeForDeflation)
Event: 237412.385 Executing non-safepoint VM operation: HandshakeAllThreads (HandshakeForDeflation) done
Event: 237412.385 Executing non-safepoint VM operation: RendezvousGCThreads
Event: 237412.385 Executing non-safepoint VM operation: RendezvousGCThreads done
Event: 238314.154 Executing non-safepoint VM operation: HandshakeAllThreads (HandshakeForDeflation)
Event: 238314.164 Executing non-safepoint VM operation: HandshakeAllThreads (HandshakeForDeflation) done
Event: 238314.164 Executing non-safepoint VM operation: RendezvousGCThreads
Event: 238314.164 Executing non-safepoint VM operation: RendezvousGCThreads done
Event: 239215.781 Executing non-safepoint VM operation: HandshakeAllThreads (HandshakeForDeflation)
Event: 239215.781 Executing non-safepoint VM operation: HandshakeAllThreads (HandshakeForDeflation) done
Event: 239215.781 Executing non-safepoint VM operation: RendezvousGCThreads
Event: 239215.781 Executing non-safepoint VM operation: RendezvousGCThreads done
Event: 239756.828 Executing non-safepoint VM operation: HandshakeAllThreads (HandshakeForDeflation)
Event: 239756.828 Executing non-safepoint VM operation: HandshakeAllThreads (HandshakeForDeflation) done
Event: 239756.828 Executing non-safepoint VM operation: RendezvousGCThreads
Event: 239756.828 Executing non-safepoint VM operation: RendezvousGCThreads done
Event: 240117.529 Executing non-safepoint VM operation: HandshakeAllThreads (HandshakeForDeflation)
Event: 240117.529 Executing non-safepoint VM operation: HandshakeAllThreads (HandshakeForDeflation) done
Event: 240117.529 Executing non-safepoint VM operation: RendezvousGCThreads
Event: 240117.529 Executing non-safepoint VM operation: RendezvousGCThreads done

Memory protections (0 events):
No events

Nmethod flushes (20 events):
Event: 54.894 Thread 0x0000018b338c0bc0 flushing  nmethod 0x0000018b384d6c90
Event: 54.894 Thread 0x0000018b338c0bc0 flushing  nmethod 0x0000018b384d7090
Event: 54.894 Thread 0x0000018b338c0bc0 flushing osr nmethod 0x0000018b384d7590
Event: 54.894 Thread 0x0000018b338c0bc0 flushing  nmethod 0x0000018b384e2a10
Event: 54.894 Thread 0x0000018b338c0bc0 flushing  nmethod 0x0000018b384f1e10
Event: 54.894 Thread 0x0000018b338c0bc0 flushing  nmethod 0x0000018b38505710
Event: 54.894 Thread 0x0000018b338c0bc0 flushing  nmethod 0x0000018b3851a390
Event: 54.894 Thread 0x0000018b338c0bc0 flushing  nmethod 0x0000018b3851ac10
Event: 54.894 Thread 0x0000018b338c0bc0 flushing  nmethod 0x0000018b3853c810
Event: 54.894 Thread 0x0000018b338c0bc0 flushing  nmethod 0x0000018b3853cd90
Event: 54.894 Thread 0x0000018b338c0bc0 flushing  nmethod 0x0000018b38542990
Event: 54.894 Thread 0x0000018b338c0bc0 flushing  nmethod 0x0000018b38548610
Event: 54.894 Thread 0x0000018b338c0bc0 flushing  nmethod 0x0000018b38558110
Event: 54.894 Thread 0x0000018b338c0bc0 flushing  nmethod 0x0000018b38559f10
Event: 54.894 Thread 0x0000018b338c0bc0 flushing  nmethod 0x0000018b3856e010
Event: 54.894 Thread 0x0000018b338c0bc0 flushing  nmethod 0x0000018b3857e910
Event: 54.894 Thread 0x0000018b338c0bc0 flushing  nmethod 0x0000018b3858c210
Event: 54.894 Thread 0x0000018b338c0bc0 flushing  nmethod 0x0000018b385c1a10
Event: 54.894 Thread 0x0000018b338c0bc0 flushing  nmethod 0x0000018b385e2590
Event: 54.894 Thread 0x0000018b338c0bc0 flushing  nmethod 0x0000018b385f1b90

Events (20 events):
Event: 3475.598 Thread 0x0000018b94b3dd80 Thread added: 0x0000018b9f47cc00
Event: 3475.599 Thread 0x0000018b9f47cc00 Thread added: 0x0000018ba0f6eab0
Event: 3475.600 Thread 0x0000018b9f47cc00 Thread added: 0x0000018b92ee9430
Event: 3475.600 Thread 0x0000018b9f47cc00 Thread added: 0x0000018b92eebb90
Event: 3475.600 Thread 0x0000018b9f47cc00 Thread added: 0x0000018b92eec220
Event: 3475.600 Thread 0x0000018b9f47cc00 Thread added: 0x0000018b92eec8b0
Event: 3475.601 Thread 0x0000018b9f47cc00 Thread added: 0x0000018b92ee8da0
Event: 3475.602 Thread 0x0000018b9f47cc00 Thread added: 0x0000018b92eeb500
Event: 3475.602 Thread 0x0000018b9f47cc00 Thread added: 0x0000018b92ee9ac0
Event: 3475.635 Thread 0x0000018b92eec8b0 Thread exited: 0x0000018b92eec8b0
Event: 3475.635 Thread 0x0000018b92eebb90 Thread exited: 0x0000018b92eebb90
Event: 3475.635 Thread 0x0000018b92eec220 Thread exited: 0x0000018b92eec220
Event: 3475.635 Thread 0x0000018b92eeb500 Thread exited: 0x0000018b92eeb500
Event: 3475.635 Thread 0x0000018b9f47cc00 Thread exited: 0x0000018b9f47cc00
Event: 3475.635 Thread 0x0000018ba0f6eab0 Thread exited: 0x0000018ba0f6eab0
Event: 3475.635 Thread 0x0000018b92ee8da0 Thread exited: 0x0000018b92ee8da0
Event: 3475.635 Thread 0x0000018b92ee9430 Thread exited: 0x0000018b92ee9430
Event: 3475.635 Thread 0x0000018b92ee9ac0 Thread exited: 0x0000018b92ee9ac0
Event: 234683.722 Thread 0x0000018ba0f704f0 Thread added: 0x0000018ba0f6eab0
Event: 234743.742 Thread 0x0000018ba0f704f0 Thread exited: 0x0000018ba0f704f0


Dynamic libraries:
0x00007ff67ae50000 - 0x00007ff67ae5e000 	c:\Users\malkotoHuski\.vscode\extensions\redhat.java-1.53.0-win32-x64\jre\21.0.10-win32-x86_64\bin\java.exe
0x00007ffd79190000 - 0x00007ffd79388000 	C:\WINDOWS\SYSTEM32\ntdll.dll
0x00007ffd77850000 - 0x00007ffd77912000 	C:\WINDOWS\System32\KERNEL32.DLL
0x00007ffd76c30000 - 0x00007ffd76f26000 	C:\WINDOWS\System32\KERNELBASE.dll
0x00007ffd76ad0000 - 0x00007ffd76bd0000 	C:\WINDOWS\System32\ucrtbase.dll
0x00007ffd657a0000 - 0x00007ffd657be000 	c:\Users\malkotoHuski\.vscode\extensions\redhat.java-1.53.0-win32-x64\jre\21.0.10-win32-x86_64\bin\VCRUNTIME140.dll
0x00007ffd66040000 - 0x00007ffd66058000 	c:\Users\malkotoHuski\.vscode\extensions\redhat.java-1.53.0-win32-x64\jre\21.0.10-win32-x86_64\bin\jli.dll
0x00007ffd771b0000 - 0x00007ffd77351000 	C:\WINDOWS\System32\USER32.dll
0x00007ffd76c00000 - 0x00007ffd76c22000 	C:\WINDOWS\System32\win32u.dll
0x00007ffd79120000 - 0x00007ffd7914b000 	C:\WINDOWS\System32\GDI32.dll
0x00007ffd77090000 - 0x00007ffd771a9000 	C:\WINDOWS\System32\gdi32full.dll
0x00007ffd76950000 - 0x00007ffd769ed000 	C:\WINDOWS\System32\msvcp_win.dll
0x00007ffd66540000 - 0x00007ffd667db000 	C:\WINDOWS\WinSxS\amd64_microsoft.windows.common-controls_6595b64144ccf1df_6.0.19041.6456_none_60b8a6cb71f64256\COMCTL32.dll
0x00007ffd77440000 - 0x00007ffd774de000 	C:\WINDOWS\System32\msvcrt.dll
0x00007ffd78cd0000 - 0x00007ffd78cff000 	C:\WINDOWS\System32\IMM32.DLL
0x00007ffd63c90000 - 0x00007ffd63c9c000 	c:\Users\malkotoHuski\.vscode\extensions\redhat.java-1.53.0-win32-x64\jre\21.0.10-win32-x86_64\bin\vcruntime140_1.dll
0x00007ffd3b600000 - 0x00007ffd3b68d000 	c:\Users\malkotoHuski\.vscode\extensions\redhat.java-1.53.0-win32-x64\jre\21.0.10-win32-x86_64\bin\msvcp140.dll
0x00007ffc8ed60000 - 0x00007ffc8fb01000 	c:\Users\malkotoHuski\.vscode\extensions\redhat.java-1.53.0-win32-x64\jre\21.0.10-win32-x86_64\bin\server\jvm.dll
0x00007ffd79060000 - 0x00007ffd79111000 	C:\WINDOWS\System32\ADVAPI32.dll
0x00007ffd78070000 - 0x00007ffd7810f000 	C:\WINDOWS\System32\sechost.dll
0x00007ffd78eb0000 - 0x00007ffd78fd0000 	C:\WINDOWS\System32\RPCRT4.dll
0x00007ffd76bd0000 - 0x00007ffd76bf7000 	C:\WINDOWS\System32\bcrypt.dll
0x00007ffd78c60000 - 0x00007ffd78ccb000 	C:\WINDOWS\System32\WS2_32.dll
0x00007ffd76150000 - 0x00007ffd7619b000 	C:\WINDOWS\SYSTEM32\POWRPROF.dll
0x00007ffd689a0000 - 0x00007ffd689c7000 	C:\WINDOWS\SYSTEM32\WINMM.dll
0x00007ffd6fa80000 - 0x00007ffd6fa8a000 	C:\WINDOWS\SYSTEM32\VERSION.dll
0x00007ffd76010000 - 0x00007ffd76022000 	C:\WINDOWS\SYSTEM32\UMPDC.dll
0x00007ffd75050000 - 0x00007ffd75062000 	C:\WINDOWS\SYSTEM32\kernel.appcore.dll
0x00007ffd5e5c0000 - 0x00007ffd5e5ca000 	c:\Users\malkotoHuski\.vscode\extensions\redhat.java-1.53.0-win32-x64\jre\21.0.10-win32-x86_64\bin\jimage.dll
0x00007ffd744f0000 - 0x00007ffd746f1000 	C:\WINDOWS\SYSTEM32\DBGHELP.DLL
0x00007ffd58a70000 - 0x00007ffd58aa4000 	C:\WINDOWS\SYSTEM32\dbgcore.DLL
0x00007ffd76a40000 - 0x00007ffd76ac2000 	C:\WINDOWS\System32\bcryptPrimitives.dll
0x00007ffd5e5b0000 - 0x00007ffd5e5bf000 	c:\Users\malkotoHuski\.vscode\extensions\redhat.java-1.53.0-win32-x64\jre\21.0.10-win32-x86_64\bin\instrument.dll
0x00007ffd5e590000 - 0x00007ffd5e5b0000 	c:\Users\malkotoHuski\.vscode\extensions\redhat.java-1.53.0-win32-x64\jre\21.0.10-win32-x86_64\bin\java.dll
0x00007ffd78240000 - 0x00007ffd789b0000 	C:\WINDOWS\System32\SHELL32.dll
0x00007ffd74890000 - 0x00007ffd75035000 	C:\WINDOWS\SYSTEM32\windows.storage.dll
0x00007ffd774e0000 - 0x00007ffd77834000 	C:\WINDOWS\System32\combase.dll
0x00007ffd76250000 - 0x00007ffd7627b000 	C:\WINDOWS\SYSTEM32\Wldp.dll
0x00007ffd77930000 - 0x00007ffd779fd000 	C:\WINDOWS\System32\OLEAUT32.dll
0x00007ffd77390000 - 0x00007ffd7743d000 	C:\WINDOWS\System32\SHCORE.dll
0x00007ffd78af0000 - 0x00007ffd78b4b000 	C:\WINDOWS\System32\shlwapi.dll
0x00007ffd76750000 - 0x00007ffd76774000 	C:\WINDOWS\SYSTEM32\profapi.dll
0x00007ffd5e570000 - 0x00007ffd5e588000 	c:\Users\malkotoHuski\.vscode\extensions\redhat.java-1.53.0-win32-x64\jre\21.0.10-win32-x86_64\bin\zip.dll
0x00007ffd5e560000 - 0x00007ffd5e570000 	C:\Users\malkotoHuski\.vscode\extensions\redhat.java-1.53.0-win32-x64\jre\21.0.10-win32-x86_64\bin\net.dll
0x00007ffd6fd60000 - 0x00007ffd6fe6a000 	C:\WINDOWS\SYSTEM32\WINHTTP.dll
0x00007ffd75f40000 - 0x00007ffd75faa000 	C:\WINDOWS\system32\mswsock.dll
0x00007ffd54c80000 - 0x00007ffd54c96000 	C:\Users\malkotoHuski\.vscode\extensions\redhat.java-1.53.0-win32-x64\jre\21.0.10-win32-x86_64\bin\nio.dll
0x00007ffd54c70000 - 0x00007ffd54c80000 	c:\Users\malkotoHuski\.vscode\extensions\redhat.java-1.53.0-win32-x64\jre\21.0.10-win32-x86_64\bin\verify.dll
0x00007ffd2d0d0000 - 0x00007ffd2d115000 	C:\Users\malkotoHuski\AppData\Roaming\Code\User\globalStorage\redhat.java\1.53.0\config_win\org.eclipse.equinox.launcher\org.eclipse.equinox.launcher.win32.win32.x86_64_1.3.0.v20260203-2149\eclipse_11919.dll
0x00007ffd78110000 - 0x00007ffd7823b000 	C:\WINDOWS\System32\ole32.dll
0x00007ffd761b0000 - 0x00007ffd761c8000 	C:\WINDOWS\SYSTEM32\CRYPTSP.dll
0x00007ffd757f0000 - 0x00007ffd75828000 	C:\WINDOWS\system32\rsaenh.dll
0x00007ffd76710000 - 0x00007ffd7673e000 	C:\WINDOWS\SYSTEM32\USERENV.dll
0x00007ffd761a0000 - 0x00007ffd761ac000 	C:\WINDOWS\SYSTEM32\CRYPTBASE.dll
0x00007ffd75c20000 - 0x00007ffd75c5b000 	C:\WINDOWS\SYSTEM32\IPHLPAPI.DLL
0x00007ffd77920000 - 0x00007ffd77928000 	C:\WINDOWS\System32\NSI.dll
0x00007ffd2d030000 - 0x00007ffd2d079000 	C:\Users\malkotoHuski\AppData\Local\Temp\jna-2104362733\jna866874007653790029.dll
0x00007ffd77380000 - 0x00007ffd77388000 	C:\WINDOWS\System32\PSAPI.DLL
0x00007ffd70ce0000 - 0x00007ffd70cf7000 	C:\WINDOWS\SYSTEM32\dhcpcsvc6.DLL
0x00007ffd70cc0000 - 0x00007ffd70cdd000 	C:\WINDOWS\SYSTEM32\dhcpcsvc.DLL
0x00007ffd54d20000 - 0x00007ffd54d47000 	C:\Users\malkotoHuski\.gradle\native\c067742578af261105cb4f569cf0c3c89f3d7b1fecec35dd04571415982c5e48\windows-amd64\native-platform.dll
0x00007ffd54c50000 - 0x00007ffd54c5a000 	C:\Users\malkotoHuski\.vscode\extensions\redhat.java-1.53.0-win32-x64\jre\21.0.10-win32-x86_64\bin\management.dll
0x00007ffd50c70000 - 0x00007ffd50c7c000 	C:\Users\malkotoHuski\.vscode\extensions\redhat.java-1.53.0-win32-x64\jre\21.0.10-win32-x86_64\bin\management_ext.dll
0x00007ffd4d710000 - 0x00007ffd4d719000 	C:\Users\malkotoHuski\.vscode\extensions\redhat.java-1.53.0-win32-x64\jre\21.0.10-win32-x86_64\bin\extnet.dll
0x00007ffd4d720000 - 0x00007ffd4d72e000 	C:\Users\malkotoHuski\.vscode\extensions\redhat.java-1.53.0-win32-x64\jre\21.0.10-win32-x86_64\bin\sunmscapi.dll
0x00007ffd76f30000 - 0x00007ffd7708d000 	C:\WINDOWS\System32\CRYPT32.dll
0x00007ffd762c0000 - 0x00007ffd762e7000 	C:\WINDOWS\SYSTEM32\ncrypt.dll
0x00007ffd76280000 - 0x00007ffd762bb000 	C:\WINDOWS\SYSTEM32\NTASN1.dll
0x00007ffcba100000 - 0x00007ffcba107000 	C:\WINDOWS\system32\wshunix.dll

JVMTI agents:
c:\Users\malkotoHuski\.vscode\extensions\redhat.java-1.53.0-win32-x64\lombok\lombok-1.18.39-4050.jar path:c:\Users\malkotoHuski\.vscode\extensions\redhat.java-1.53.0-win32-x64\jre\21.0.10-win32-x86_64\bin\instrument.dll, loaded, initialized, instrumentlib options:none

dbghelp: loaded successfully - version: 4.0.5 - missing functions: none
symbol engine: initialized successfully - sym options: 0x614 - pdb path: .;c:\Users\malkotoHuski\.vscode\extensions\redhat.java-1.53.0-win32-x64\jre\21.0.10-win32-x86_64\bin;C:\WINDOWS\SYSTEM32;C:\WINDOWS\WinSxS\amd64_microsoft.windows.common-controls_6595b64144ccf1df_6.0.19041.6456_none_60b8a6cb71f64256;c:\Users\malkotoHuski\.vscode\extensions\redhat.java-1.53.0-win32-x64\jre\21.0.10-win32-x86_64\bin\server;C:\Users\malkotoHuski\AppData\Roaming\Code\User\globalStorage\redhat.java\1.53.0\config_win\org.eclipse.equinox.launcher\org.eclipse.equinox.launcher.win32.win32.x86_64_1.3.0.v20260203-2149;C:\Users\malkotoHuski\AppData\Local\Temp\jna-2104362733;C:\Users\malkotoHuski\.gradle\native\c067742578af261105cb4f569cf0c3c89f3d7b1fecec35dd04571415982c5e48\windows-amd64

VM Arguments:
jvm_args: --add-modules=ALL-SYSTEM --add-opens=java.base/java.util=ALL-UNNAMED --add-opens=java.base/java.lang=ALL-UNNAMED --add-opens=java.base/sun.nio.fs=ALL-UNNAMED -Declipse.application=org.eclipse.jdt.ls.core.id1 -Dosgi.bundles.defaultStartLevel=4 -Declipse.product=org.eclipse.jdt.ls.core.product -Djava.import.generatesMetadataFilesAtProjectRoot=false -DDetectVMInstallationsJob.disabled=true -Dfile.encoding=utf8 -XX:+UseParallelGC -XX:GCTimeRatio=4 -XX:AdaptiveSizePolicyWeight=90 -Dsun.zip.disableMemoryMapping=true -Xmx2G -Xms100m -Xlog:disable -javaagent:c:\Users\malkotoHuski\.vscode\extensions\redhat.java-1.53.0-win32-x64\lombok\lombok-1.18.39-4050.jar -XX:+HeapDumpOnOutOfMemoryError -XX:HeapDumpPath=c:\Users\malkotoHuski\AppData\Roaming\Code\User\workspaceStorage\f2efecaaeb388f09fbf678b975bd3e98\redhat.java -Daether.dependencyCollector.impl=bf 
java_command: c:\Users\malkotoHuski\.vscode\extensions\redhat.java-1.53.0-win32-x64\server\plugins\org.eclipse.equinox.launcher_1.7.100.v20251111-0406.jar -configuration c:\Users\malkotoHuski\AppData\Roaming\Code\User\globalStorage\redhat.java\1.53.0\config_win -data c:\Users\malkotoHuski\AppData\Roaming\Code\User\workspaceStorage\f2efecaaeb388f09fbf678b975bd3e98\redhat.java\jdt_ws --pipe=\\.\pipe\lsp-619c4189e4426b964355a4d01c5416ea-sock
java_class_path (initial): c:\Users\malkotoHuski\.vscode\extensions\redhat.java-1.53.0-win32-x64\server\plugins\org.eclipse.equinox.launcher_1.7.100.v20251111-0406.jar
Launcher Type: SUN_STANDARD

[Global flags]
    uintx AdaptiveSizePolicyWeight                 = 90                                        {product} {command line}
     intx CICompilerCount                          = 4                                         {product} {ergonomic}
    uintx GCTimeRatio                              = 4                                         {product} {command line}
     bool HeapDumpOnOutOfMemoryError               = true                                   {manageable} {command line}
    ccstr HeapDumpPath                             = c:\Users\malkotoHuski\AppData\Roaming\Code\User\workspaceStorage\f2efecaaeb388f09fbf678b975bd3e98\redhat.java         {manageable} {command line}
   size_t InitialHeapSize                          = 104857600                                 {product} {command line}
   size_t MaxHeapSize                              = 2147483648                                {product} {command line}
   size_t MaxNewSize                               = 715653120                                 {product} {ergonomic}
   size_t MinHeapDeltaBytes                        = 524288                                    {product} {ergonomic}
   size_t MinHeapSize                              = 104857600                                 {product} {command line}
   size_t NewSize                                  = 34603008                                  {product} {ergonomic}
    uintx NonNMethodCodeHeapSize                   = 5839372                                {pd product} {ergonomic}
    uintx NonProfiledCodeHeapSize                  = 122909434                              {pd product} {ergonomic}
   size_t OldSize                                  = 70254592                                  {product} {ergonomic}
    uintx ProfiledCodeHeapSize                     = 122909434                              {pd product} {ergonomic}
    uintx ReservedCodeCacheSize                    = 251658240                              {pd product} {ergonomic}
     bool SegmentedCodeCache                       = true                                      {product} {ergonomic}
   size_t SoftMaxHeapSize                          = 2147483648                             {manageable} {ergonomic}
     bool UseCompressedOops                        = true                           {product lp64_product} {ergonomic}
     bool UseLargePagesIndividualAllocation        = false                                  {pd product} {ergonomic}
     bool UseParallelGC                            = true                                      {product} {command line}

Logging:
Log output configuration:
 #0: stdout all=off uptime,level,tags foldmultilines=false
 #1: stderr all=off uptime,level,tags foldmultilines=false

Release file:
JAVA_VERSION="21.0.10" 
MODULES="java.base java.compiler java.datatransfer java.xml java.prefs java.desktop java.instrument java.logging java.management java.security.sasl java.naming java.rmi java.management.rmi java.net.http java.scripting java.security.jgss java.transaction.xa java.sql java.sql.rowset java.xml.crypto java.se java.smartcardio jdk.accessibility jdk.internal.jvmstat jdk.attach jdk.charsets jdk.internal.opt jdk.zipfs jdk.compiler jdk.crypto.ec jdk.crypto.cryptoki jdk.crypto.mscapi jdk.dynalink jdk.internal.ed jdk.editpad jdk.hotspot.agent jdk.httpserver jdk.internal.le jdk.internal.vm.ci jdk.internal.vm.compiler jdk.internal.vm.compiler.management jdk.jartool jdk.javadoc jdk.jcmd jdk.management jdk.management.agent jdk.jconsole jdk.jdeps jdk.jdwp.agent jdk.jdi jdk.jfr jdk.jshell jdk.jsobject jdk.jstatd jdk.localedata jdk.management.jfr jdk.naming.dns jdk.naming.rmi jdk.net jdk.nio.mapmode jdk.random jdk.sctp jdk.security.auth jdk.security.jgss jdk.unsupported jdk.unsupported.desktop jdk.xml.dom" 

Environment Variables:
JAVA_HOME=C:\Program Files\Java\jdk-17
PATH=C:\Users\malkotoHuski\AppData\Local\Programs\Microsoft VS Code;C:\Program Files\Common Files\Oracle\Java\javapath;C:\WINDOWS\system32;C:\WINDOWS;C:\WINDOWS\System32\Wbem;C:\WINDOWS\System32\WindowsPowerShell\v1.0\;C:\WINDOWS\System32\OpenSSH\;C:\Program Files\dotnet\;C:\Program Files\nodejs\;C:\Program Files\Git\cmd;C:\Users\malkotoHuski\AppData\Local\Android\Sdk\platform-tools;C:\Users\malkotoHuski\AppData\Local\Android\Sdk\emulator;C:\Users\malkotoHuski\AppData\Local\Android\Sdk\tools;C:\Users\malkotoHuski\AppData\Local\Android\Sdk\tools\bin;C:\Users\malkotoHuski\AppData\Local\Android\Sdk\platform-tools;C:\Users\malkotoHuski\AppData\Local\Android\Sdk\build-tools\34.0.0;C:\Users\malkotoHuski\AppData\Local\Android\Sdk;C:\Users\malkotoHuski\AppData\Local\Android\Sdk\cmdline-tools\latest\bin;C:\ProgramData\chocolatey\bin;C:\Users\malkotoHuski\AppData\Local\Android\Sdk\platform-tools;C:\Program Files\Java\jdk-17\bin;C:\Program Files\Java\jdk-17\bin;C:\Users\malkotoHuski\AppData\Local\Microsoft\WindowsApps;C:\Users\malkotoHuski\AppData\Local\Programs\Microsoft VS Code\bin;C:\Users\malkotoHuski\AppData\Roaming\npm;C:\Users\malkotoHuski\AppData\Local\Android\Sdk\platform-tools;C:\Users\malkotoHuski\AppData\Local\Android\Sdk\platform-tools;
USERNAME=malkotoHuski
OS=Windows_NT
PROCESSOR_IDENTIFIER=Intel64 Family 6 Model 165 Stepping 5, GenuineIntel
TMP=C:\Users\MALKOT~1\AppData\Local\Temp
TEMP=C:\Users\MALKOT~1\AppData\Local\Temp




Periodic native trim disabled

---------------  S Y S T E M  ---------------

OS:
 Windows 10 , 64 bit Build 19041 (10.0.19041.5915)
OS uptime: 3 days 0:30 hours

CPU: total 12 (initial active 12) (6 cores per cpu, 2 threads per core) family 6 model 165 stepping 5 microcode 0xca, cx8, cmov, fxsr, ht, mmx, 3dnowpref, sse, sse2, sse3, ssse3, sse4.1, sse4.2, popcnt, lzcnt, tsc, tscinvbit, avx, avx2, aes, erms, clmul, bmi1, bmi2, adx, fma, vzeroupper, clflush, clflushopt, rdtscp, f16c, pku
Processor Information for the first 12 processors :
  Max Mhz: 2901, Current Mhz: 2901, Mhz Limit: 2901

Memory: 4k page, system-wide physical 32661M (13023M free)
TotalPageFile size 93371M (AvailPageFile size 0M)
current process WorkingSet (physical memory assigned to process): 37M, peak: 1928M
current process commit charge ("private bytes"): 1318M, peak: 1735M

vm_info: OpenJDK 64-Bit Server VM (21.0.10+7-LTS) for windows-amd64 JRE (21.0.10+7-LTS), built on 2026-01-20T00:00:00Z by "admin" with MS VC++ 17.12 (VS2022)

END.
